Copyright 1986-2016 Xilinx, Inc. All Rights Reserved.
------------------------------------------------------------------------------------
| Tool Version : Vivado v.2016.4 (lin64) Build 1733598 Wed Dec 14 22:35:42 MST 2016
| Date         : Fri Jun 16 09:26:26 2017
| Host         : toshiba running 64-bit Ubuntu 14.04.5 LTS
| Command      : report_timing -file ./report/fft_timing_synth.rpt
| Design       : fft
| Device       : 7z020-clg484
| Speed File   : -1  PRODUCTION 1.11 2014-09-11
------------------------------------------------------------------------------------

Timing Report

Slack (MET) :             1.400ns  (required time - arrival time)
  Source:                 fft_dadd_64ns_64ncud_U3/fft_ap_dadd_3_full_dsp_64_u/U0/i_synth/ADDSUB_OP.ADDSUB/SPEED_OP.LOGIC.OP/EXP/NUMB_CMP/FAST_CMP.CMP_TOP/C_CHAIN/CHAIN_GEN[15].CARRYS_DEL.NEED_DEL.CARRYS_FD/C
                            (rising edge-triggered cell FDRE clocked by ap_clk  {rise@0.000ns fall@5.000ns period=10.000ns})
  Destination:            fft_dadd_64ns_64ncud_U3/fft_ap_dadd_3_full_dsp_64_u/U0/i_synth/ADDSUB_OP.ADDSUB/SPEED_OP.LOGIC.OP/ALIGN_BLK/FRAC_ADDSUB/DSP_ADD.FRAC_ADDSUB/DSP48E1_ADD.DSP48E1_ADD/DSP/CARRYIN
                            (rising edge-triggered cell DSP48E1 clocked by ap_clk  {rise@0.000ns fall@5.000ns period=10.000ns})
  Path Group:             ap_clk
  Path Type:              Setup (Max at Slow Process Corner)
  Requirement:            10.000ns  (ap_clk rise@10.000ns - ap_clk rise@0.000ns)
  Data Path Delay:        7.218ns  (logic 2.665ns (36.923%)  route 4.553ns (63.077%))
  Logic Levels:           12  (CARRY4=3 LUT2=2 LUT3=2 LUT6=3 MUXF7=1 MUXF8=1)
  Clock Path Skew:        -0.049ns (DCD - SCD + CPR)
    Destination Clock Delay (DCD):    0.924ns = ( 10.924 - 10.000 ) 
    Source Clock Delay      (SCD):    0.973ns
    Clock Pessimism Removal (CPR):    0.000ns
  Clock Uncertainty:      0.035ns  ((TSJ^2 + TIJ^2)^1/2 + DJ) / 2 + PE
    Total System Jitter     (TSJ):    0.071ns
    Total Input Jitter      (TIJ):    0.000ns
    Discrete Jitter          (DJ):    0.000ns
    Phase Error              (PE):    0.000ns

    Location             Delay type                Incr(ns)  Path(ns)    Netlist Resource(s)
  -------------------------------------------------------------------    -------------------
                         (clock ap_clk rise edge)     0.000     0.000 r  
                                                      0.000     0.000 r  ap_clk (IN)
                         net (fo=3486, unset)         0.973     0.973    fft_dadd_64ns_64ncud_U3/fft_ap_dadd_3_full_dsp_64_u/U0/i_synth/ADDSUB_OP.ADDSUB/SPEED_OP.LOGIC.OP/EXP/NUMB_CMP/FAST_CMP.CMP_TOP/C_CHAIN/aclk
                         FDRE                                         r  fft_dadd_64ns_64ncud_U3/fft_ap_dadd_3_full_dsp_64_u/U0/i_synth/ADDSUB_OP.ADDSUB/SPEED_OP.LOGIC.OP/EXP/NUMB_CMP/FAST_CMP.CMP_TOP/C_CHAIN/CHAIN_GEN[15].CARRYS_DEL.NEED_DEL.CARRYS_FD/C
  -------------------------------------------------------------------    -------------------
                         FDRE (Prop_fdre_C_Q)         0.362     1.335 r  fft_dadd_64ns_64ncud_U3/fft_ap_dadd_3_full_dsp_64_u/U0/i_synth/ADDSUB_OP.ADDSUB/SPEED_OP.LOGIC.OP/EXP/NUMB_CMP/FAST_CMP.CMP_TOP/C_CHAIN/CHAIN_GEN[15].CARRYS_DEL.NEED_DEL.CARRYS_FD/Q
                         net (fo=5, unplaced)         0.769     2.104    fft_dadd_64ns_64ncud_U3/fft_ap_dadd_3_full_dsp_64_u/U0/i_synth/ADDSUB_OP.ADDSUB/SPEED_OP.LOGIC.OP/EXP/NUMB_CMP/FAST_CMP.CMP_TOP/C_CHAIN/CARRY_OUT
                         LUT3 (Prop_lut3_I0_O)        0.295     2.399 r  fft_dadd_64ns_64ncud_U3/fft_ap_dadd_3_full_dsp_64_u/U0/i_synth/ADDSUB_OP.ADDSUB/SPEED_OP.LOGIC.OP/EXP/NUMB_CMP/FAST_CMP.CMP_TOP/C_CHAIN/CHAIN_GEN[0].C_MUX.CARRY_MUX_i_2__2/O
                         net (fo=111, unplaced)       0.551     2.950    fft_dadd_64ns_64ncud_U3/fft_ap_dadd_3_full_dsp_64_u/U0/i_synth/ADDSUB_OP.ADDSUB/SPEED_OP.LOGIC.OP/A_IP_DELAY/i_pipe/b_largest
                         LUT6 (Prop_lut6_I4_O)        0.124     3.074 f  fft_dadd_64ns_64ncud_U3/fft_ap_dadd_3_full_dsp_64_u/U0/i_synth/ADDSUB_OP.ADDSUB/SPEED_OP.LOGIC.OP/A_IP_DELAY/i_pipe/CHAIN_GEN[1].C_MUX.CARRY_MUX_i_6/O
                         net (fo=2, unplaced)         0.460     3.534    fft_dadd_64ns_64ncud_U3/fft_ap_dadd_3_full_dsp_64_u/U0/i_synth/ADDSUB_OP.ADDSUB/SPEED_OP.LOGIC.OP/A_IP_DELAY/i_pipe/DSP_28
                         LUT2 (Prop_lut2_I1_O)        0.124     3.658 r  fft_dadd_64ns_64ncud_U3/fft_ap_dadd_3_full_dsp_64_u/U0/i_synth/ADDSUB_OP.ADDSUB/SPEED_OP.LOGIC.OP/A_IP_DELAY/i_pipe/CHAIN_GEN[1].C_MUX.CARRY_MUX_i_2/O
                         net (fo=2, unplaced)         0.460     4.118    fft_dadd_64ns_64ncud_U3/fft_ap_dadd_3_full_dsp_64_u/U0/i_synth/ADDSUB_OP.ADDSUB/SPEED_OP.LOGIC.OP/A_IP_DELAY/i_pipe/opt_has_pipe.first_q_reg[0]_10
                         LUT3 (Prop_lut3_I0_O)        0.124     4.242 r  fft_dadd_64ns_64ncud_U3/fft_ap_dadd_3_full_dsp_64_u/U0/i_synth/ADDSUB_OP.ADDSUB/SPEED_OP.LOGIC.OP/A_IP_DELAY/i_pipe/CHAIN_GEN[1].C_MUX.CARRY_MUX_i_1__0/O
                         net (fo=1, unplaced)         0.000     4.242    fft_dadd_64ns_64ncud_U3/fft_ap_dadd_3_full_dsp_64_u/U0/i_synth/ADDSUB_OP.ADDSUB/SPEED_OP.LOGIC.OP/ALIGN_BLK/ALIGN_SHIFT/ALIGN_Z_D/EQ_ZERO/CARRY_ZERO_DET/opt_has_pipe.first_q_reg[48]_0[1]
                         CARRY4 (Prop_carry4_S[1]_CO[3])
                                                      0.533     4.775 r  fft_dadd_64ns_64ncud_U3/fft_ap_dadd_3_full_dsp_64_u/U0/i_synth/ADDSUB_OP.ADDSUB/SPEED_OP.LOGIC.OP/ALIGN_BLK/ALIGN_SHIFT/ALIGN_Z_D/EQ_ZERO/CARRY_ZERO_DET/CHAIN_GEN[0].C_MUX.CARRY_MUX_CARRY4/CO[3]
                         net (fo=2, unplaced)         0.009     4.784    fft_dadd_64ns_64ncud_U3/fft_ap_dadd_3_full_dsp_64_u/U0/i_synth/ADDSUB_OP.ADDSUB/SPEED_OP.LOGIC.OP/ALIGN_BLK/ALIGN_SHIFT/ALIGN_Z_D/EQ_ZERO/CARRY_ZERO_DET/zero_det_in[4]
                         CARRY4 (Prop_carry4_CI_CO[3])
                                                      0.117     4.901 r  fft_dadd_64ns_64ncud_U3/fft_ap_dadd_3_full_dsp_64_u/U0/i_synth/ADDSUB_OP.ADDSUB/SPEED_OP.LOGIC.OP/ALIGN_BLK/ALIGN_SHIFT/ALIGN_Z_D/EQ_ZERO/CARRY_ZERO_DET/CHAIN_GEN[4].C_MUX.CARRY_MUX_CARRY4/CO[3]
                         net (fo=2, unplaced)         0.000     4.901    fft_dadd_64ns_64ncud_U3/fft_ap_dadd_3_full_dsp_64_u/U0/i_synth/ADDSUB_OP.ADDSUB/SPEED_OP.LOGIC.OP/ALIGN_BLK/ALIGN_SHIFT/ALIGN_Z_D/EQ_ZERO/CARRY_ZERO_DET/zero_det_in[8]
                         CARRY4 (Prop_carry4_CI_CO[3])
                                                      0.117     5.018 f  fft_dadd_64ns_64ncud_U3/fft_ap_dadd_3_full_dsp_64_u/U0/i_synth/ADDSUB_OP.ADDSUB/SPEED_OP.LOGIC.OP/ALIGN_BLK/ALIGN_SHIFT/ALIGN_Z_D/EQ_ZERO/CARRY_ZERO_DET/CHAIN_GEN[8].C_MUX.CARRY_MUX_CARRY4/CO[3]
                         net (fo=2, unplaced)         0.732     5.750    fft_dadd_64ns_64ncud_U3/fft_ap_dadd_3_full_dsp_64_u/U0/i_synth/ADDSUB_OP.ADDSUB/SPEED_OP.LOGIC.OP/ALIGN_BLK/ALIGN_SHIFT/ALIGN_Z_D/EQ_ZERO/CARRY_ZERO_DET/zero_det_in[12]
                         LUT6 (Prop_lut6_I5_O)        0.124     5.874 f  fft_dadd_64ns_64ncud_U3/fft_ap_dadd_3_full_dsp_64_u/U0/i_synth/ADDSUB_OP.ADDSUB/SPEED_OP.LOGIC.OP/ALIGN_BLK/ALIGN_SHIFT/ALIGN_Z_D/EQ_ZERO/CARRY_ZERO_DET/MUX_LOOP[2].OTHER_LEVELS.DO_CHUNKS[0].LUT6_STRUCT_MUX.MUX1_i_6/O
                         net (fo=1, unplaced)         0.449     6.323    fft_dadd_64ns_64ncud_U3/fft_ap_dadd_3_full_dsp_64_u/U0/i_synth/ADDSUB_OP.ADDSUB/SPEED_OP.LOGIC.OP/EXP/BMA_EXP_DELAY/i_pipe/opt_has_pipe.first_q_reg[48]_3
                         LUT6 (Prop_lut6_I5_O)        0.124     6.447 f  fft_dadd_64ns_64ncud_U3/fft_ap_dadd_3_full_dsp_64_u/U0/i_synth/ADDSUB_OP.ADDSUB/SPEED_OP.LOGIC.OP/EXP/BMA_EXP_DELAY/i_pipe/MUX_LOOP[2].OTHER_LEVELS.DO_CHUNKS[0].LUT6_STRUCT_MUX.MUX1_i_2/O
                         net (fo=1, unplaced)         0.000     6.447    fft_dadd_64ns_64ncud_U3/fft_ap_dadd_3_full_dsp_64_u/U0/i_synth/ADDSUB_OP.ADDSUB/SPEED_OP.LOGIC.OP/ALIGN_BLK/ALIGN_SHIFT/ALIGN_Z_D/opt_has_pipe.first_q_reg[11][1]
                         MUXF7 (Prop_muxf7_I1_O)      0.214     6.661 f  fft_dadd_64ns_64ncud_U3/fft_ap_dadd_3_full_dsp_64_u/U0/i_synth/ADDSUB_OP.ADDSUB/SPEED_OP.LOGIC.OP/ALIGN_BLK/ALIGN_SHIFT/ALIGN_Z_D/MUX_LOOP[2].OTHER_LEVELS.DO_CHUNKS[0].LUT6_STRUCT_MUX.MUX1/O
                         net (fo=1, unplaced)         0.000     6.661    fft_dadd_64ns_64ncud_U3/fft_ap_dadd_3_full_dsp_64_u/U0/i_synth/ADDSUB_OP.ADDSUB/SPEED_OP.LOGIC.OP/ALIGN_BLK/ALIGN_SHIFT/ALIGN_Z_D/mux0_1
                         MUXF8 (Prop_muxf8_I1_O)      0.088     6.749 f  fft_dadd_64ns_64ncud_U3/fft_ap_dadd_3_full_dsp_64_u/U0/i_synth/ADDSUB_OP.ADDSUB/SPEED_OP.LOGIC.OP/ALIGN_BLK/ALIGN_SHIFT/ALIGN_Z_D/MUX_LOOP[2].OTHER_LEVELS.DO_CHUNKS[0].LUT6_STRUCT_MUX.MUX2/O
                         net (fo=2, unplaced)         0.323     7.072    fft_dadd_64ns_64ncud_U3/fft_ap_dadd_3_full_dsp_64_u/U0/i_synth/ADDSUB_OP.ADDSUB/SPEED_OP.LOGIC.OP/EXP/SUB_DELAY/i_pipe/zeros_add
                         LUT2 (Prop_lut2_I1_O)        0.319     7.391 r  fft_dadd_64ns_64ncud_U3/fft_ap_dadd_3_full_dsp_64_u/U0/i_synth/ADDSUB_OP.ADDSUB/SPEED_OP.LOGIC.OP/EXP/SUB_DELAY/i_pipe/DSP_i_1/O
                         net (fo=1, unplaced)         0.800     8.191    fft_dadd_64ns_64ncud_U3/fft_ap_dadd_3_full_dsp_64_u/U0/i_synth/ADDSUB_OP.ADDSUB/SPEED_OP.LOGIC.OP/ALIGN_BLK/FRAC_ADDSUB/DSP_ADD.FRAC_ADDSUB/DSP48E1_ADD.DSP48E1_ADD/carry_in_del
                         DSP48E1                                      r  fft_dadd_64ns_64ncud_U3/fft_ap_dadd_3_full_dsp_64_u/U0/i_synth/ADDSUB_OP.ADDSUB/SPEED_OP.LOGIC.OP/ALIGN_BLK/FRAC_ADDSUB/DSP_ADD.FRAC_ADDSUB/DSP48E1_ADD.DSP48E1_ADD/DSP/CARRYIN
  -------------------------------------------------------------------    -------------------

                         (clock ap_clk rise edge)    10.000    10.000 r  
                                                      0.000    10.000 r  ap_clk (IN)
                         net (fo=3486, unset)         0.924    10.924    fft_dadd_64ns_64ncud_U3/fft_ap_dadd_3_full_dsp_64_u/U0/i_synth/ADDSUB_OP.ADDSUB/SPEED_OP.LOGIC.OP/ALIGN_BLK/FRAC_ADDSUB/DSP_ADD.FRAC_ADDSUB/DSP48E1_ADD.DSP48E1_ADD/aclk
                         DSP48E1                                      r  fft_dadd_64ns_64ncud_U3/fft_ap_dadd_3_full_dsp_64_u/U0/i_synth/ADDSUB_OP.ADDSUB/SPEED_OP.LOGIC.OP/ALIGN_BLK/FRAC_ADDSUB/DSP_ADD.FRAC_ADDSUB/DSP48E1_ADD.DSP48E1_ADD/DSP/CLK
                         clock pessimism              0.000    10.924    
                         clock uncertainty           -0.035    10.889    
                         DSP48E1 (Setup_dsp48e1_CLK_CARRYIN)
                                                     -1.298     9.591    fft_dadd_64ns_64ncud_U3/fft_ap_dadd_3_full_dsp_64_u/U0/i_synth/ADDSUB_OP.ADDSUB/SPEED_OP.LOGIC.OP/ALIGN_BLK/FRAC_ADDSUB/DSP_ADD.FRAC_ADDSUB/DSP48E1_ADD.DSP48E1_ADD/DSP
  -------------------------------------------------------------------
                         required time                          9.591    
                         arrival time                          -8.191    
  -------------------------------------------------------------------
                         slack                                  1.400    




