

================================================================
== Vivado HLS Report for 'fft'
================================================================
* Date:           Fri Jun 16 09:32:45 2017

* Version:        2016.4 (Build 1733598 on Wed Dec 14 22:59:20 MST 2016)
* Project:        machsuite_fft_workspace
* Solution:       solution3
* Product family: zynq
* Target device:  xc7z020clg484-1


================================================================
== Performance Estimates
================================================================
+ Timing (ns): 
    * Summary: 
    +--------+-------+----------+------------+
    |  Clock | Target| Estimated| Uncertainty|
    +--------+-------+----------+------------+
    |ap_clk  |  10.00|      8.23|        0.00|
    +--------+-------+----------+------------+

+ Latency (clock cycles): 
    * Summary: 
    +--------+--------+--------+--------+---------+
    |     Latency     |     Interval    | Pipeline|
    |   min  |   max  |   min  |   max  |   Type  |
    +--------+--------+--------+--------+---------+
    |  122911|  245791|  122912|  245792|   none  |
    +--------+--------+--------+--------+---------+

    + Detail: 
        * Instance: 
        N/A

        * Loop: 
        +----------+--------+--------+---------------+-----------+-----------+------------+----------+
        |          |     Latency     |   Iteration   |  Initiation Interval  |    Trip    |          |
        | Loop Name|   min  |   max  |    Latency    |  achieved |   target  |    Count   | Pipelined|
        +----------+--------+--------+---------------+-----------+-----------+------------+----------+
        |- outer   |  122910|  245790| 12291 ~ 24579 |          -|          -|          10|    no    |
        | + inner  |   12288|   24576|             24|         24|          1| 512 ~ 1024 |    yes   |
        +----------+--------+--------+---------------+-----------+-----------+------------+----------+



================================================================
== Utilization Estimates
================================================================
* Summary: 
+-----------------+---------+-------+--------+-------+
|       Name      | BRAM_18K| DSP48E|   FF   |  LUT  |
+-----------------+---------+-------+--------+-------+
|DSP              |        -|      -|       -|      -|
|Expression       |        -|      -|       0|    178|
|FIFO             |        -|      -|       -|      -|
|Instance         |        -|     50|    2158|   4610|
|Memory           |        -|      -|       -|      -|
|Multiplexer      |        -|      -|       -|    370|
|Register         |        -|      -|     995|      -|
+-----------------+---------+-------+--------+-------+
|Total            |        0|     50|    3153|   5158|
+-----------------+---------+-------+--------+-------+
|Available        |      280|    220|  106400|  53200|
+-----------------+---------+-------+--------+-------+
|Utilization (%)  |        0|     22|       2|      9|
+-----------------+---------+-------+--------+-------+

+ Detail: 
    * Instance: 
    +-------------------------+----------------------+---------+-------+-----+------+
    |         Instance        |        Module        | BRAM_18K| DSP48E|  FF |  LUT |
    +-------------------------+----------------------+---------+-------+-----+------+
    |fft_dadddsub_64nsbkb_U1  |fft_dadddsub_64nsbkb  |        0|      3|  445|  1149|
    |fft_dadddsub_64nsbkb_U2  |fft_dadddsub_64nsbkb  |        0|      3|  445|  1149|
    |fft_dmul_64ns_64ncud_U3  |fft_dmul_64ns_64ncud  |        0|     11|  317|   578|
    |fft_dmul_64ns_64ncud_U4  |fft_dmul_64ns_64ncud  |        0|     11|  317|   578|
    |fft_dmul_64ns_64ncud_U5  |fft_dmul_64ns_64ncud  |        0|     11|  317|   578|
    |fft_dmul_64ns_64ncud_U6  |fft_dmul_64ns_64ncud  |        0|     11|  317|   578|
    +-------------------------+----------------------+---------+-------+-----+------+
    |Total                    |                      |        0|     50| 2158|  4610|
    +-------------------------+----------------------+---------+-------+-----+------+

    * DSP48: 
    N/A

    * Memory: 
    N/A

    * FIFO: 
    N/A

    * Expression: 
    +---------------------+----------+-------+---+----+------------+------------+
    |    Variable Name    | Operation| DSP48E| FF| LUT| Bitwidth P0| Bitwidth P1|
    +---------------------+----------+-------+---+----+------------+------------+
    |log_1_fu_226_p2      |     +    |      0|  0|   4|           4|           1|
    |odd_2_fu_311_p2      |     +    |      0|  0|  32|          32|           1|
    |even_cast_fu_280_p2  |    and   |      0|  0|  11|          10|          10|
    |exitcond_fu_220_p2   |   icmp   |      0|  0|   2|           4|           4|
    |icmp_fu_260_p2       |   icmp   |      0|  0|   8|          22|           1|
    |tmp_9_fu_301_p2      |   icmp   |      0|  0|   4|          10|           1|
    |odd_1_fu_270_p2      |    or    |      0|  0|  44|          32|          32|
    |rootindex_fu_291_p2  |    shl   |      0|  0|  18|          10|          10|
    |even_fu_275_p2       |    xor   |      0|  0|  44|          32|          32|
    |tmp_12_fu_244_p2     |    xor   |      0|  0|  11|          10|           2|
    +---------------------+----------+-------+---+----+------------+------------+
    |Total                |          |      0|  0| 178|         166|          94|
    +---------------------+----------+-------+---+----+------------+------------+

    * Multiplexer: 
    +-------------------+----+-----------+-----+-----------+
    |        Name       | LUT| Input Size| Bits| Total Bits|
    +-------------------+----+-----------+-----+-----------+
    |ap_NS_fsm          |  24|         28|    1|         28|
    |grp_fu_172_opcode  |   2|          3|    2|          6|
    |grp_fu_172_p0      |  64|          3|   64|        192|
    |grp_fu_172_p1      |  64|          3|   64|        192|
    |grp_fu_176_opcode  |   2|          3|    2|          6|
    |grp_fu_176_p0      |  64|          3|   64|        192|
    |grp_fu_176_p1      |  64|          3|   64|        192|
    |img_address0       |  10|          5|   10|         50|
    |log_reg_152        |   4|          2|    4|          8|
    |odd1_reg_163       |  32|          2|   32|         64|
    |odd_reg_140        |  30|          2|   30|         60|
    |real_r_address0    |  10|          5|   10|         50|
    +-------------------+----+-----------+-----+-----------+
    |Total              | 370|         62|  347|       1040|
    +-------------------+----+-----------+-----+-----------+

    * Register: 
    +------------------------+----+----+-----+-----------+
    |          Name          | FF | LUT| Bits| Const Bits|
    +------------------------+----+----+-----+-----------+
    |ap_CS_fsm               |  27|   0|   27|          0|
    |icmp_reg_356            |   1|   0|    1|          0|
    |img_addr_1_reg_387      |  10|   0|   10|          0|
    |img_addr_reg_371        |  10|   0|   10|          0|
    |img_load_1_reg_397      |  64|   0|   64|          0|
    |img_twid_load_reg_422   |  64|   0|   64|          0|
    |log_1_reg_334           |   4|   0|    4|          0|
    |log_cast2_cast_reg_346  |   4|   0|   10|          6|
    |log_reg_152             |   4|   0|    4|          0|
    |odd1_reg_163            |  32|   0|   32|          0|
    |odd_1_reg_360           |  32|   0|   32|          0|
    |odd_cast_reg_339        |  32|   0|   32|          0|
    |odd_reg_140             |  30|   0|   30|          0|
    |real_addr_1_reg_382     |  10|   0|   10|          0|
    |real_addr_reg_366       |  10|   0|   10|          0|
    |real_load_1_reg_392     |  64|   0|   64|          0|
    |real_twid_load_reg_416  |  64|   0|   64|          0|
    |reg_196                 |  64|   0|   64|          0|
    |reg_203                 |  64|   0|   64|          0|
    |reg_210                 |  64|   0|   64|          0|
    |reg_215                 |  64|   0|   64|          0|
    |rootindex_reg_376       |  10|   0|   10|          0|
    |tmp_10_reg_443          |  64|   0|   64|          0|
    |tmp_12_reg_351          |  10|   0|   10|          0|
    |tmp_1_reg_428           |  64|   0|   64|          0|
    |tmp_4_reg_433           |  64|   0|   64|          0|
    |tmp_6_reg_438           |  64|   0|   64|          0|
    |tmp_9_reg_402           |   1|   0|    1|          0|
    +------------------------+----+----+-----+-----------+
    |Total                   | 995|   0| 1001|          6|
    +------------------------+----+----+-----+-----------+



================================================================
== Interface
================================================================
* Summary: 
+--------------------+-----+-----+------------+--------------+--------------+
|      RTL Ports     | Dir | Bits|  Protocol  | Source Object|    C Type    |
+--------------------+-----+-----+------------+--------------+--------------+
|ap_clk              |  in |    1| ap_ctrl_hs |      fft     | return value |
|ap_rst              |  in |    1| ap_ctrl_hs |      fft     | return value |
|ap_start            |  in |    1| ap_ctrl_hs |      fft     | return value |
|ap_done             | out |    1| ap_ctrl_hs |      fft     | return value |
|ap_idle             | out |    1| ap_ctrl_hs |      fft     | return value |
|ap_ready            | out |    1| ap_ctrl_hs |      fft     | return value |
|real_r_address0     | out |   10|  ap_memory |    real_r    |     array    |
|real_r_ce0          | out |    1|  ap_memory |    real_r    |     array    |
|real_r_we0          | out |    1|  ap_memory |    real_r    |     array    |
|real_r_d0           | out |   64|  ap_memory |    real_r    |     array    |
|real_r_q0           |  in |   64|  ap_memory |    real_r    |     array    |
|img_address0        | out |   10|  ap_memory |      img     |     array    |
|img_ce0             | out |    1|  ap_memory |      img     |     array    |
|img_we0             | out |    1|  ap_memory |      img     |     array    |
|img_d0              | out |   64|  ap_memory |      img     |     array    |
|img_q0              |  in |   64|  ap_memory |      img     |     array    |
|real_twid_address0  | out |    9|  ap_memory |   real_twid  |     array    |
|real_twid_ce0       | out |    1|  ap_memory |   real_twid  |     array    |
|real_twid_q0        |  in |   64|  ap_memory |   real_twid  |     array    |
|img_twid_address0   | out |    9|  ap_memory |   img_twid   |     array    |
|img_twid_ce0        | out |    1|  ap_memory |   img_twid   |     array    |
|img_twid_q0         |  in |   64|  ap_memory |   img_twid   |     array    |
+--------------------+-----+-----+------------+--------------+--------------+

