INFO: [HLS 200-10] Running '/home/jsk_027/Vivado_HLS/2016.4/bin/unwrapped/lnx64.o/apcc'
INFO: [HLS 200-10] For user 'jsk_027' on host 'toshiba' (Linux_x86_64 version 3.16.0-77-generic) on Sun Jun 11 09:18:06 IST 2017
INFO: [HLS 200-10] On os Ubuntu 14.04.5 LTS
INFO: [HLS 200-10] In directory '/home/jsk_027/Thesis/machsuite_fft_workspace/solution1/csim/build'
../../../../MachSuite/fft/strided/fft_test.c:19:19: warning: implicitly declaring library function 'cos' with type 'double (double)'
        real[n] = cos(typed);
                  ^
../../../../MachSuite/fft/strided/fft_test.c:19:19: note: please include the header <math.h> or explicitly provide a declaration for 'cos'
../../../../MachSuite/fft/strided/fft_test.c:20:25: warning: implicitly declaring library function 'sin' with type 'double (double)'
        img[n] = (-1.0)*sin(typed);
                        ^
../../../../MachSuite/fft/strided/fft_test.c:20:25: note: please include the header <math.h> or explicitly provide a declaration for 'sin'
2 warnings generated.
../../../../MachSuite/fft/strided/fft_test.c:19:19: warning: implicitly declaring library function 'cos' with type 'double (double)'
        real[n] = cos(typed);
                  ^
../../../../MachSuite/fft/strided/fft_test.c:19:19: note: please include the header <math.h> or explicitly provide a declaration for 'cos'
../../../../MachSuite/fft/strided/fft_test.c:20:25: warning: implicitly declaring library function 'sin' with type 'double (double)'
        img[n] = (-1.0)*sin(typed);
                        ^
../../../../MachSuite/fft/strided/fft_test.c:20:25: note: please include the header <math.h> or explicitly provide a declaration for 'sin'
2 warnings generated.
INFO: [APCC 202-3] Tmp directory is /tmp/apcc_db_jsk_027/48631497152886257349
INFO: [APCC 202-1] APCC is done.
