#-----------------------------------------------------------
# Vivado v2016.4 (64-bit)
# SW Build 1733598 on Wed Dec 14 22:35:42 MST 2016
# IP Build 1731160 on Wed Dec 14 23:47:21 MST 2016
# Start of session at: Fri Jun 16 09:21:38 2017
# Process ID: 3409
# Current directory: /home/jsk_027/Thesis/machsuite_fft_workspace/solution2/impl/ip
# Command line: vivado -notrace -mode batch -source run_ippack.tcl
# Log file: /home/jsk_027/Thesis/machsuite_fft_workspace/solution2/impl/ip/vivado.log
# Journal file: /home/jsk_027/Thesis/machsuite_fft_workspace/solution2/impl/ip/vivado.jou
#-----------------------------------------------------------
source run_ippack.tcl -notrace
INFO: [IP_Flow 19-234] Refreshing IP repositories
INFO: [IP_Flow 19-1704] No user IP repositories specified
INFO: [IP_Flow 19-2313] Loaded Vivado IP repository '/home/jsk_027/Vivado/2016.4/data/ip'.
create_ip: Time (s): cpu = 00:00:04 ; elapsed = 00:00:15 . Memory (MB): peak = 1050.641 ; gain = 50.602 ; free physical = 2990 ; free virtual = 13771
INFO: [IP_Flow 19-1686] Generating 'Synthesis' target for IP 'fft_ap_dmul_4_max_dsp_64'...
INFO: [IP_Flow 19-1686] Generating 'Simulation' target for IP 'fft_ap_dmul_4_max_dsp_64'...
INFO: [IP_Flow 19-1686] Generating 'Synthesis' target for IP 'fft_ap_dadd_3_full_dsp_64'...
INFO: [IP_Flow 19-1686] Generating 'Simulation' target for IP 'fft_ap_dadd_3_full_dsp_64'...
INFO: [IP_Flow 19-1686] Generating 'Synthesis' target for IP 'fft_ap_dsub_3_full_dsp_64'...
INFO: [IP_Flow 19-1686] Generating 'Simulation' target for IP 'fft_ap_dsub_3_full_dsp_64'...
WARNING: [IP_Flow 19-4832] The IP name 'fft_ap_dadddsub_3_full_dsp_64' you have specified is long. The Windows operating system has path length limitations. It is recommended you use shorter names to reduce the likelihood of issues.
INFO: [IP_Flow 19-1686] Generating 'Synthesis' target for IP 'fft_ap_dadddsub_3_full_dsp_64'...
INFO: [IP_Flow 19-1686] Generating 'Simulation' target for IP 'fft_ap_dadddsub_3_full_dsp_64'...
INFO: [IP_Flow 19-234] Refreshing IP repositories
INFO: [IP_Flow 19-1704] No user IP repositories specified
INFO: [IP_Flow 19-2313] Loaded Vivado IP repository '/home/jsk_027/Vivado/2016.4/data/ip'.
INFO: [Common 17-206] Exiting Vivado at Fri Jun 16 09:23:02 2017...
